  Navigation.cpp
c:\users\tonne\documents\uni\ap_acw\ap_acw\acw_template\acw_template\navigation.h(24): warning C4227: anachronism used: qualifiers on reference are ignored
c:\users\tonne\documents\uni\ap_acw\ap_acw\acw_template\acw_template\navigation.cpp(195): warning C4244: 'return': conversion from 'double' to 'const float', possible loss of data
c:\users\tonne\documents\uni\ap_acw\ap_acw\acw_template\acw_template\navigation.cpp(277): warning C4227: anachronism used: qualifiers on reference are ignored
c:\users\tonne\documents\uni\ap_acw\ap_acw\acw_template\acw_template\navigation.cpp(362): warning C4244: '=': conversion from 'float' to 'int', possible loss of data
c:\program files (x86)\microsoft visual studio\2017\enterprise\vc\tools\msvc\14.16.27023\include\utility(173): warning C4244: 'initializing': conversion from '_Ty' to '_Ty2', possible loss of data
          with
          [
              _Ty=int
          ]
          and
          [
              _Ty2=float
          ]
  c:\users\tonne\documents\uni\ap_acw\ap_acw\acw_template\acw_template\navigation.cpp(287): note: see reference to function template instantiation 'std::pair<const _Kty,_Ty>::pair<int,int,0>(_Other1 &&,_Other2 &&) noexcept' being compiled
          with
          [
              _Kty=int,
              _Ty=float,
              _Other1=int,
              _Other2=int
          ]
  c:\users\tonne\documents\uni\ap_acw\ap_acw\acw_template\acw_template\navigation.cpp(287): note: see reference to function template instantiation 'std::pair<const _Kty,_Ty>::pair<int,int,0>(_Other1 &&,_Other2 &&) noexcept' being compiled
          with
          [
              _Kty=int,
              _Ty=float,
              _Other1=int,
              _Other2=int
          ]
  Generating code
  52 of 889 functions ( 5.8%) were compiled, the rest were copied from previous compilation.
    40 functions were new in current compilation
    69 functions had inline decision re-evaluated but remain unchanged
  Finished generating code
  ACW_Template.vcxproj -> C:\Users\tonne\Documents\Uni\AP_ACW\AP_ACW\ACW_Template\ACW_Template\x64\Release\ACW_Template.exe
