c:\ap_acw\acw_template\acw_template\x64\release\acw_template.ipdb
c:\ap_acw\acw_template\acw_template\x64\release\acw_template.iobj
c:\ap_acw\acw_template\acw_template\x64\release\vc141.pdb
c:\ap_acw\acw_template\acw_template\x64\release\node.obj
c:\ap_acw\acw_template\acw_template\x64\release\navigation.obj
c:\ap_acw\acw_template\acw_template\x64\release\main.obj
c:\ap_acw\acw_template\acw_template\x64\release\arc.obj
c:\users\tonne\documents\uni\ap_acw\ap_acw\acw_template\acw_template\x64\release\vc141.pdb
c:\users\tonne\documents\uni\ap_acw\ap_acw\acw_template\acw_template\x64\release\node.obj
c:\users\tonne\documents\uni\ap_acw\ap_acw\acw_template\acw_template\x64\release\navigation.obj
c:\users\tonne\documents\uni\ap_acw\ap_acw\acw_template\acw_template\x64\release\main.obj
c:\users\tonne\documents\uni\ap_acw\ap_acw\acw_template\acw_template\x64\release\arc.obj
c:\ap_acw\acw_template\acw_template\x64\release\acw_template.exe
c:\ap_acw\acw_template\acw_template\x64\release\acw_template.pdb
c:\users\tonne\documents\uni\ap_acw\ap_acw\acw_template\acw_template\x64\release\acw_template.ipdb
c:\users\tonne\documents\uni\ap_acw\ap_acw\acw_template\acw_template\x64\release\acw_template.iobj
c:\users\tonne\documents\uni\ap_acw\ap_acw\acw_template\acw_template\x64\release\acw_template.pdb
c:\users\tonne\documents\uni\ap_acw\ap_acw\acw_template\acw_template\x64\release\acw_template.tlog\acw_template.write.1u.tlog
c:\users\tonne\documents\uni\ap_acw\ap_acw\acw_template\acw_template\x64\release\acw_template.tlog\cl.command.1.tlog
c:\users\tonne\documents\uni\ap_acw\ap_acw\acw_template\acw_template\x64\release\acw_template.tlog\cl.read.1.tlog
c:\users\tonne\documents\uni\ap_acw\ap_acw\acw_template\acw_template\x64\release\acw_template.tlog\cl.write.1.tlog
c:\users\tonne\documents\uni\ap_acw\ap_acw\acw_template\acw_template\x64\release\acw_template.tlog\link.command.1.tlog
c:\users\tonne\documents\uni\ap_acw\ap_acw\acw_template\acw_template\x64\release\acw_template.tlog\link.read.1.tlog
c:\users\tonne\documents\uni\ap_acw\ap_acw\acw_template\acw_template\x64\release\acw_template.tlog\link.write.1.tlog
